<?xml version="1.0" encoding="UTF-8"?>
<testsuite xmlns:xsi="http://www.w3.org/2001/XMLSchema-instance" xsi:noNamespaceSchemaLocation="https://maven.apache.org/surefire/maven-surefire-plugin/xsd/surefire-test-report-3.0.xsd" version="3.0" name="com.devsuperior.userdept.UserdeptApplicationTests" time="4.744" tests="1" errors="0" skipped="0" failures="0">
  <properties>
[...]
</properties>
  <testcase name="contextLoads" classname="com.devsuperior.userdept.UserdeptApplicationTests" time="0.692">
    <system-out><![CDATA[21:11:56.457 [main] INFO org.springframework.test.context.support.AnnotationConfigContextLoaderUtils -- Could not detect default configuration classes for test class [com.devsuperior.userdept.UserdeptApplicationTests]: UserdeptApplicationTests does not declare any static, non-private, non-final, nested classes annotated with @Configuration.
21:11:56.574 [main] INFO org.springframework.boot.test.context.SpringBootTestContextBootstrapper -- Found @SpringBootConfiguration com.devsuperior.userdept.UserdeptApplication for test class com.devsuperior.userdept.UserdeptApplicationTests
  .   ____          _            __ _ _
 /\\ / ___'_ __ _ _(_)_ __  __ _ \ \ \ \
( ( )\___ | '_ | '_| | '_ \/ _` | \ \ \ \
 \\/  ___)| |_)| | | | | || (_| |  ) ) ) )
  '  |____| .__|_| |_|_| |_\__, | / / / /
 =========|_|==============|___/=/_/_/_/

 :: Spring Boot ::             (v3.3.0-M3)

2024-04-01T21:11:57.026-03:00  INFO 12928 --- [           main] c.d.userdept.UserdeptApplicationTests    : Starting UserdeptApplicationTests using Java 17.0.10 with PID 12928 (started by karla in /home/karla/Downloads/userdept)
2024-04-01T21:11:57.028-03:00  INFO 12928 --- [           main] c.d.userdept.UserdeptApplicationTests    : No active profile set, falling back to 1 default profile: "default"
2024-04-01T21:11:57.631-03:00  INFO 12928 --- [           main] .s.d.r.c.RepositoryConfigurationDelegate : Bootstrapping Spring Data JPA repositories in DEFAULT mode.
2024-04-01T21:11:57.648-03:00  INFO 12928 --- [           main] .s.d.r.c.RepositoryConfigurationDelegate : Finished Spring Data repository scanning in 10 ms. Found 0 JPA repository interfaces.
2024-04-01T21:11:58.093-03:00  INFO 12928 --- [           main] com.zaxxer.hikari.HikariDataSource       : HikariPool-1 - Starting...
2024-04-01T21:11:58.295-03:00  INFO 12928 --- [           main] com.zaxxer.hikari.pool.HikariPool        : HikariPool-1 - Added connection conn0: url=jdbc:h2:mem:testdb user=SA
2024-04-01T21:11:58.296-03:00  INFO 12928 --- [           main] com.zaxxer.hikari.HikariDataSource       : HikariPool-1 - Start completed.
2024-04-01T21:11:58.359-03:00  INFO 12928 --- [           main] o.hibernate.jpa.internal.util.LogHelper  : HHH000204: Processing PersistenceUnitInfo [name: default]
2024-04-01T21:11:58.415-03:00  INFO 12928 --- [           main] org.hibernate.Version                    : HHH000412: Hibernate ORM core version 6.4.4.Final
2024-04-01T21:11:58.456-03:00  INFO 12928 --- [           main] o.h.c.internal.RegionFactoryInitiator    : HHH000026: Second-level cache disabled
2024-04-01T21:11:58.691-03:00  INFO 12928 --- [           main] o.s.o.j.p.SpringPersistenceUnitInfo      : No LoadTimeWeaver setup: ignoring JPA class transformer
2024-04-01T21:11:59.559-03:00  INFO 12928 --- [           main] o.h.e.t.j.p.i.JtaPlatformInitiator       : HHH000489: No JTA platform available (set 'hibernate.transaction.jta.platform' to enable JTA platform integration)
Hibernate: drop table if exists tb_department cascade 
Hibernate: drop table if exists tb_user cascade 
Hibernate: create table tb_department (id bigint generated by default as identity, name varchar(255), primary key (id))
Hibernate: create table tb_user (department_id bigint, id bigint generated by default as identity, email varchar(255), name varchar(255), primary key (id))
Hibernate: alter table if exists tb_user add constraint FKk05pfkuxp9jsie8074d304v7m foreign key (department_id) references tb_department
2024-04-01T21:11:59.608-03:00  INFO 12928 --- [           main] j.LocalContainerEntityManagerFactoryBean : Initialized JPA EntityManagerFactory for persistence unit 'default'
2024-04-01T21:11:59.776-03:00  WARN 12928 --- [           main] JpaBaseConfiguration$JpaWebConfiguration : spring.jpa.open-in-view is enabled by default. Therefore, database queries may be performed during view rendering. Explicitly configure spring.jpa.open-in-view to disable this warning
2024-04-01T21:12:00.198-03:00  INFO 12928 --- [           main] o.s.b.a.h2.H2ConsoleAutoConfiguration    : H2 console available at '/h2-console'. Database available at 'jdbc:h2:mem:testdb'
2024-04-01T21:12:00.270-03:00  INFO 12928 --- [           main] c.d.userdept.UserdeptApplicationTests    : Started UserdeptApplicationTests in 3.533 seconds (process running for 4.673)
]]></system-out>
  </testcase>
</testsuite>